# JRE version: OpenJDK Runtime Environment (8.0_242-b01) (build 1.8.0_242-release-1644-b01)
# Java VM: OpenJDK 64-Bit Server VM (25.242-b01 mixed mode windows-amd64 compressed oops)
Heap:
 PSYoungGen      total 176640K, used 34030K [0x00000000d5580000, 0x00000000e2600000, 0x0000000100000000)
  eden space 166400K, 14% used [0x00000000d5580000,0x00000000d6ccdfe8,0x00000000df800000)
  from space 10240K, 99% used [0x00000000e1c00000,0x00000000e25edbe8,0x00000000e2600000)
  to   space 13312K, 0% used [0x00000000e0c00000,0x00000000e0c00000,0x00000000e1900000)
 ParOldGen       total 74752K, used 17297K [0x0000000080000000, 0x0000000084900000, 0x00000000d5580000)
  object space 74752K, 23% used [0x0000000080000000,0x00000000810e4538,0x0000000084900000)
 Metaspace       used 42499K, capacity 44174K, committed 44328K, reserved 1087488K
  class space    used 5804K, capacity 6165K, committed 6192K, reserved 1048576K
GC Heap History (10 events):
Event: 5.653 GC heap before
{Heap before GC invocations=8 (full 1):
 PSYoungGen      total 76800K, used 3860K [0x00000000d5580000, 0x00000000deb80000, 0x0000000100000000)
  eden space 66048K, 0% used [0x00000000d5580000,0x00000000d5580000,0x00000000d9600000)
  from space 10752K, 35% used [0x00000000d9600000,0x00000000d99c5040,0x00000000da080000)
  to   space 10752K, 0% used [0x00000000de100000,0x00000000de100000,0x00000000deb80000)
 ParOldGen       total 87552K, used 8986K [0x0000000080000000, 0x0000000085580000, 0x00000000d5580000)
  object space 87552K, 10% used [0x0000000080000000,0x00000000808c6820,0x0000000085580000)
 Metaspace       used 20586K, capacity 21224K, committed 21296K, reserved 1067008K
  class space    used 2877K, capacity 3076K, committed 3120K, reserved 1048576K
Event: 5.689 GC heap after
Heap after GC invocations=8 (full 1):
 PSYoungGen      total 76800K, used 0K [0x00000000d5580000, 0x00000000deb80000, 0x0000000100000000)
  eden space 66048K, 0% used [0x00000000d5580000,0x00000000d5580000,0x00000000d9600000)
  from space 10752K, 0% used [0x00000000d9600000,0x00000000d9600000,0x00000000da080000)
  to   space 10752K, 0% used [0x00000000de100000,0x00000000de100000,0x00000000deb80000)
 ParOldGen       total 47104K, used 6712K [0x0000000080000000, 0x0000000082e00000, 0x00000000d5580000)
  object space 47104K, 14% used [0x0000000080000000,0x000000008068e0e8,0x0000000082e00000)
 Metaspace       used 20586K, capacity 21224K, committed 21296K, reserved 1067008K
  class space    used 2877K, capacity 3076K, committed 3120K, reserved 1048576K
}
Event: 6.603 GC heap before
{Heap before GC invocations=9 (full 1):
 PSYoungGen      total 76800K, used 66048K [0x00000000d5580000, 0x00000000deb80000, 0x0000000100000000)
  eden space 66048K, 100% used [0x00000000d5580000,0x00000000d9600000,0x00000000d9600000)
  from space 10752K, 0% used [0x00000000d9600000,0x00000000d9600000,0x00000000da080000)
  to   space 10752K, 0% used [0x00000000de100000,0x00000000de100000,0x00000000deb80000)
 ParOldGen       total 47104K, used 6712K [0x0000000080000000, 0x0000000082e00000, 0x00000000d5580000)
  object space 47104K, 14% used [0x0000000080000000,0x000000008068e0e8,0x0000000082e00000)
 Metaspace       used 28677K, capacity 29540K, committed 29616K, reserved 1075200K
  class space    used 3973K, capacity 4220K, committed 4272K, reserved 1048576K
Event: 6.612 GC heap after
Heap after GC invocations=9 (full 1):
 PSYoungGen      total 133632K, used 8404K [0x00000000d5580000, 0x00000000de980000, 0x0000000100000000)
  eden space 124928K, 0% used [0x00000000d5580000,0x00000000d5580000,0x00000000dcf80000)
  from space 8704K, 96% used [0x00000000de100000,0x00000000de9352a0,0x00000000de980000)
  to   space 11264K, 0% used [0x00000000dd380000,0x00000000dd380000,0x00000000dde80000)
 ParOldGen       total 47104K, used 6720K [0x0000000080000000, 0x0000000082e00000, 0x00000000d5580000)
  object space 47104K, 14% used [0x0000000080000000,0x00000000806900e8,0x0000000082e00000)
 Metaspace       used 28677K, capacity 29540K, committed 29616K, reserved 1075200K
  class space    used 3973K, capacity 4220K, committed 4272K, reserved 1048576K
}
Event: 8.096 GC heap before
{Heap before GC invocations=10 (full 1):
 PSYoungGen      total 133632K, used 105566K [0x00000000d5580000, 0x00000000de980000, 0x0000000100000000)
  eden space 124928K, 77% used [0x00000000d5580000,0x00000000db462818,0x00000000dcf80000)
  from space 8704K, 96% used [0x00000000de100000,0x00000000de9352a0,0x00000000de980000)
  to   space 11264K, 0% used [0x00000000dd380000,0x00000000dd380000,0x00000000dde80000)
 ParOldGen       total 47104K, used 6720K [0x0000000080000000, 0x0000000082e00000, 0x00000000d5580000)
  object space 47104K, 14% used [0x0000000080000000,0x00000000806900e8,0x0000000082e00000)
 Metaspace       used 34298K, capacity 35414K, committed 35496K, reserved 1079296K
  class space    used 4720K, capacity 5002K, committed 5040K, reserved 1048576K
Event: 8.121 GC heap after
Heap after GC invocations=10 (full 1):
 PSYoungGen      total 140288K, used 11142K [0x00000000d5580000, 0x00000000e2880000, 0x0000000100000000)
  eden space 129024K, 0% used [0x00000000d5580000,0x00000000d5580000,0x00000000dd380000)
  from space 11264K, 98% used [0x00000000dd380000,0x00000000dde61960,0x00000000dde80000)
  to   space 12800K, 0% used [0x00000000e1c00000,0x00000000e1c00000,0x00000000e2880000)
 ParOldGen       total 47104K, used 6728K [0x0000000080000000, 0x0000000082e00000, 0x00000000d5580000)
  object space 47104K, 14% used [0x0000000080000000,0x00000000806920e8,0x0000000082e00000)
 Metaspace       used 34298K, capacity 35414K, committed 35496K, reserved 1079296K
  class space    used 4720K, capacity 5002K, committed 5040K, reserved 1048576K
}
Event: 8.121 GC heap before
{Heap before GC invocations=11 (full 2):
 PSYoungGen      total 140288K, used 11142K [0x00000000d5580000, 0x00000000e2880000, 0x0000000100000000)
  eden space 129024K, 0% used [0x00000000d5580000,0x00000000d5580000,0x00000000dd380000)
  from space 11264K, 98% used [0x00000000dd380000,0x00000000dde61960,0x00000000dde80000)
  to   space 12800K, 0% used [0x00000000e1c00000,0x00000000e1c00000,0x00000000e2880000)
 ParOldGen       total 47104K, used 6728K [0x0000000080000000, 0x0000000082e00000, 0x00000000d5580000)
  object space 47104K, 14% used [0x0000000080000000,0x00000000806920e8,0x0000000082e00000)
 Metaspace       used 34298K, capacity 35414K, committed 35496K, reserved 1079296K
  class space    used 4720K, capacity 5002K, committed 5040K, reserved 1048576K
Event: 8.295 GC heap after
Heap after GC invocations=11 (full 2):
 PSYoungGen      total 140288K, used 0K [0x00000000d5580000, 0x00000000e2880000, 0x0000000100000000)
  eden space 129024K, 0% used [0x00000000d5580000,0x00000000d5580000,0x00000000dd380000)
  from space 11264K, 0% used [0x00000000dd380000,0x00000000dd380000,0x00000000dde80000)
  to   space 12800K, 0% used [0x00000000e1c00000,0x00000000e1c00000,0x00000000e2880000)
 ParOldGen       total 74752K, used 17289K [0x0000000080000000, 0x0000000084900000, 0x00000000d5580000)
  object space 74752K, 23% used [0x0000000080000000,0x00000000810e2538,0x0000000084900000)
 Metaspace       used 34298K, capacity 35414K, committed 35496K, reserved 1079296K
  class space    used 4720K, capacity 5002K, committed 5040K, reserved 1048576K
}
Event: 10.917 GC heap before
{Heap before GC invocations=12 (full 2):
 PSYoungGen      total 140288K, used 129024K [0x00000000d5580000, 0x00000000e2880000, 0x0000000100000000)
  eden space 129024K, 100% used [0x00000000d5580000,0x00000000dd380000,0x00000000dd380000)
  from space 11264K, 0% used [0x00000000dd380000,0x00000000dd380000,0x00000000dde80000)
  to   space 12800K, 0% used [0x00000000e1c00000,0x00000000e1c00000,0x00000000e2880000)
 ParOldGen       total 74752K, used 17289K [0x0000000080000000, 0x0000000084900000, 0x00000000d5580000)
  object space 74752K, 23% used [0x0000000080000000,0x00000000810e2538,0x0000000084900000)
 Metaspace       used 39330K, capacity 41010K, committed 41128K, reserved 1085440K
  class space    used 5424K, capacity 5771K, committed 5808K, reserved 1048576K
Event: 10.933 GC heap after
Heap after GC invocations=12 (full 2):
 PSYoungGen      total 176640K, used 10166K [0x00000000d5580000, 0x00000000e2600000, 0x0000000100000000)
  eden space 166400K, 0% used [0x00000000d5580000,0x00000000d5580000,0x00000000df800000)
  from space 10240K, 99% used [0x00000000e1c00000,0x00000000e25edbe8,0x00000000e2600000)
  to   space 13312K, 0% used [0x00000000e0c00000,0x00000000e0c00000,0x00000000e1900000)
 ParOldGen       total 74752K, used 17297K [0x0000000080000000, 0x0000000084900000, 0x00000000d5580000)
  object space 74752K, 23% used [0x0000000080000000,0x00000000810e4538,0x0000000084900000)
 Metaspace       used 39330K, capacity 41010K, committed 41128K, reserved 1085440K
  class space    used 5424K, capacity 5771K, committed 5808K, reserved 1048576K
}

